2019-07-01 23:45:38,350 INFO No binary specified, looking for `pyre.bin` in PATH
2019-07-01 23:45:38,350 INFO Found: `/Users/milessmith/miniconda3/envs/mc/bin/pyre.bin`
2019-07-01 23:45:38,350 INFO No typeshed specified, looking for it
2019-07-01 23:45:38,351 DEBUG Trying with: `/Users/milessmith/miniconda3/envs/mc/lib/python3.6/site-packages/pyre_check/pyre_check/typeshed/`
2019-07-01 23:45:38,351 DEBUG Trying with: `/Users/milessmith/miniconda3/envs/mc/lib/python3.6/site-packages/pyre_check/typeshed/`
2019-07-01 23:45:38,351 DEBUG Trying with: `/Users/milessmith/miniconda3/envs/mc/lib/python3.6/pyre_check/typeshed/`
2019-07-01 23:45:38,351 DEBUG Trying with: `/Users/milessmith/miniconda3/envs/mc/lib/pyre_check/typeshed/`
2019-07-01 23:45:38,351 INFO Found: `/Users/milessmith/miniconda3/envs/mc/lib/pyre_check/typeshed/`
2019-07-01 23:45:38,354 INFO Constructing shared directory `/Users/milessmith/workspace/merrycrispr/merrycrispr/.pyre/shared_analysis_directory_97146`
2019-07-01 23:45:38,355 ERROR No targets or source directories to analyze.

2019-07-01 23:45:53,492 INFO No binary specified, looking for `pyre.bin` in PATH
2019-07-01 23:45:53,492 INFO Found: `/Users/milessmith/miniconda3/envs/mc/bin/pyre.bin`
2019-07-01 23:45:53,493 INFO No typeshed specified, looking for it
2019-07-01 23:45:53,493 DEBUG Trying with: `/Users/milessmith/miniconda3/envs/mc/lib/python3.6/site-packages/pyre_check/pyre_check/typeshed/`
2019-07-01 23:45:53,493 DEBUG Trying with: `/Users/milessmith/miniconda3/envs/mc/lib/python3.6/site-packages/pyre_check/typeshed/`
2019-07-01 23:45:53,493 DEBUG Trying with: `/Users/milessmith/miniconda3/envs/mc/lib/python3.6/pyre_check/typeshed/`
2019-07-01 23:45:53,493 DEBUG Trying with: `/Users/milessmith/miniconda3/envs/mc/lib/pyre_check/typeshed/`
2019-07-01 23:45:53,493 INFO Found: `/Users/milessmith/miniconda3/envs/mc/lib/pyre_check/typeshed/`
2019-07-01 23:45:53,494 WARNING Setting up a `.pyre_configuration` with `pyre init` may reduce overhead.

2019-07-01 23:45:53,494 DEBUG Running `/Users/milessmith/miniconda3/envs/mc/bin/pyre.bin check -logging-sections parser -project-root /Users/milessmith/workspace/merrycrispr/merrycrispr -filter-directories /Users/milessmith/workspace/merrycrispr/merrycrispr -workers 4 -typeshed /Users/milessmith/miniconda3/envs/mc/lib/pyre_check/typeshed/ /Users/milessmith/workspace/merrycrispr/merrycrispr`
2019-07-01 23:45:53,535 INFO Finding type stubs in `/Users/milessmith/workspace/merrycrispr/merrycrispr`...
2019-07-01 23:45:53,544 INFO Finding type stubs in `/Users/milessmith/miniconda3/envs/mc/lib/pyre_check/typeshed/stdlib`...
2019-07-01 23:45:53,564 INFO Finding type stubs in `/Users/milessmith/miniconda3/envs/mc/lib/pyre_check/typeshed/third_party`...
2019-07-01 23:45:53,669 INFO Parsing 802 stubs and external sources...
2019-07-01 23:45:54,035 PERFORMANCE Stubs parsed: 0.470000s
2019-07-01 23:45:54,079 INFO Parsing 8 sources in `/Users/milessmith/workspace/merrycrispr/merrycrispr`...
2019-07-01 23:45:54,104 PERFORMANCE Sources parsed: 0.044000s
2019-07-01 23:45:54,104 PERFORMANCE Registered ignores: 0.025000s
2019-07-01 23:45:54,105 INFO Adding environment information to shared memory...
2019-07-01 23:45:54,105 PERFORMANCE Added environment to shared memory: 0.000000s
2019-07-01 23:45:54,207 INFO Building type environment...
2019-07-01 23:45:55,408 PERFORMANCE Full environment built: 1.302000s
2019-07-01 23:45:55,485 MEMORY Shared memory size (size: 15)
2019-07-01 23:45:55,485 PERFORMANCE Filtered directories: 0.077000s
2019-07-01 23:45:55,486 INFO Checking 8 sources...
2019-07-01 23:45:55,587 INFO Running check `TypeCheck`...
2019-07-01 23:45:55,611 INFO Processed 2 of 8 sources
2019-07-01 23:45:55,714 INFO Processed 5 of 8 sources
2019-07-01 23:45:55,743 INFO Processed 8 of 8 sources
2019-07-01 23:45:55,743 PERFORMANCE Check_TypeCheck: 0.257000s
2019-07-01 23:45:55,768 PERFORMANCE Analyzed sources: 0.257000s
2019-07-01 23:45:55,779 PERFORMANCE Postprocessed: 0.025000s
2019-07-01 23:45:55,791 PERFORMANCE Check: 2.255000s
2019-07-01 23:45:55,796 ERROR Found 45 type errors!

2019-07-01 23:46:21,961 INFO Binary found at `/Users/milessmith/miniconda3/envs/mc/bin/pyre.bin`
2019-07-01 23:46:21,961 DEBUG Trying with: `/Users/milessmith/miniconda3/envs/mc/lib/python3.6/site-packages/pyre_check/pyre_check/typeshed/`
2019-07-01 23:46:21,962 DEBUG Trying with: `/Users/milessmith/miniconda3/envs/mc/lib/python3.6/site-packages/pyre_check/typeshed/`
2019-07-01 23:46:21,962 DEBUG Trying with: `/Users/milessmith/miniconda3/envs/mc/lib/python3.6/pyre_check/typeshed/`
2019-07-01 23:46:21,962 DEBUG Trying with: `/Users/milessmith/miniconda3/envs/mc/lib/pyre_check/typeshed/`
2019-07-01 23:46:21,962 PROMPT Which directory should pyre be initialized in? (Default: `.`): 
2019-07-01 23:46:24,943 INFO Successfully initialized pyre! You can view the configuration at `/Users/milessmith/workspace/merrycrispr/merrycrispr/.pyre_configuration`.
2019-07-01 23:46:30,910 DEBUG Reading configuration `.pyre_configuration`...
2019-07-01 23:46:30,911 DEBUG Found source_directories: `.`
2019-07-01 23:46:30,911 DEBUG Running `/Users/milessmith/miniconda3/envs/mc/bin/pyre.bin check -logging-sections parser -project-root /Users/milessmith/workspace/merrycrispr/merrycrispr -filter-directories /Users/milessmith/workspace/merrycrispr/merrycrispr -workers 4 -typeshed /Users/milessmith/miniconda3/envs/mc/lib/pyre_check/typeshed/ .`
2019-07-01 23:46:30,946 INFO Finding type stubs in `/Users/milessmith/workspace/merrycrispr/merrycrispr`...
2019-07-01 23:46:30,953 INFO Finding type stubs in `/Users/milessmith/miniconda3/envs/mc/lib/pyre_check/typeshed/stdlib`...
2019-07-01 23:46:30,975 INFO Finding type stubs in `/Users/milessmith/miniconda3/envs/mc/lib/pyre_check/typeshed/third_party`...
2019-07-01 23:46:31,081 INFO Parsing 802 stubs and external sources...
2019-07-01 23:46:31,437 PERFORMANCE Stubs parsed: 0.461000s
2019-07-01 23:46:31,472 INFO Parsing 8 sources in `/Users/milessmith/workspace/merrycrispr/merrycrispr`...
2019-07-01 23:46:31,496 PERFORMANCE Sources parsed: 0.035000s
2019-07-01 23:46:31,497 PERFORMANCE Registered ignores: 0.024000s
2019-07-01 23:46:31,497 INFO Adding environment information to shared memory...
2019-07-01 23:46:31,497 PERFORMANCE Added environment to shared memory: 0.000000s
2019-07-01 23:46:31,602 INFO Building type environment...
2019-07-01 23:46:32,728 PERFORMANCE Full environment built: 1.228000s
2019-07-01 23:46:32,802 MEMORY Shared memory size (size: 15)
2019-07-01 23:46:32,803 PERFORMANCE Filtered directories: 0.074000s
2019-07-01 23:46:32,803 INFO Checking 8 sources...
2019-07-01 23:46:32,908 INFO Running check `TypeCheck`...
2019-07-01 23:46:32,928 INFO Processed 2 of 8 sources
2019-07-01 23:46:33,033 INFO Processed 5 of 8 sources
2019-07-01 23:46:33,060 INFO Processed 8 of 8 sources
2019-07-01 23:46:33,060 PERFORMANCE Check_TypeCheck: 0.256000s
2019-07-01 23:46:33,085 PERFORMANCE Analyzed sources: 0.256000s
2019-07-01 23:46:33,098 PERFORMANCE Postprocessed: 0.025000s
2019-07-01 23:46:33,110 PERFORMANCE Check: 2.155000s
2019-07-01 23:46:33,113 ERROR Found 45 type errors!

